06-17-2019 @ 01:57:08 - Site http://template.minasa.tech was unaccessible. The scraper does not work on local environments.
06-23-2019 @ 16:04:36 - Site http://quran9.minasa.tech was unaccessible. The scraper does not work on local environments.
06-23-2019 @ 16:05:37 - Site http://quran9.minasa.tech was unaccessible. The scraper does not work on local environments.
06-23-2019 @ 16:09:17 - Site http://quran9.minasa.tech was unaccessible. The scraper does not work on local environments.
06-23-2019 @ 17:09:27 - Site http://quran9.minasa.tech was unaccessible. The scraper does not work on local environments.
06-23-2019 @ 17:16:50 - Site http://quran9.minasa.tech was unaccessible. The scraper does not work on local environments.
06-23-2019 @ 17:18:13 - Site http://quran9.minasa.tech was unaccessible. The scraper does not work on local environments.
06-23-2019 @ 17:31:15 - Site http://quran9.minasa.tech was unaccessible. The scraper does not work on local environments.
06-23-2019 @ 17:37:14 - Site http://quran9.minasa.tech was unaccessible. The scraper does not work on local environments.
06-23-2019 @ 18:09:16 - Site http://quran9.minasa.tech was unaccessible. The scraper does not work on local environments.
06-23-2019 @ 18:45:47 - Site http://quran9.minasa.tech was unaccessible. The scraper does not work on local environments.
06-23-2019 @ 19:09:36 - Site http://quran9.minasa.tech was unaccessible. The scraper does not work on local environments.
06-23-2019 @ 19:43:30 - Site http://quran9.minasa.tech was unaccessible. The scraper does not work on local environments.
06-23-2019 @ 19:59:34 - Site http://quran9.minasa.tech was unaccessible. The scraper does not work on local environments.
06-23-2019 @ 20:00:09 - Site http://quran9.minasa.tech was unaccessible. The scraper does not work on local environments.
06-23-2019 @ 20:09:16 - Site http://quran9.minasa.tech was unaccessible. The scraper does not work on local environments.
06-23-2019 @ 20:32:40 - Site http://quran9.minasa.tech was unaccessible. The scraper does not work on local environments.
06-23-2019 @ 21:24:22 - Site http://quran9.minasa.tech was unaccessible. The scraper does not work on local environments.
06-23-2019 @ 21:25:10 - Site http://quran9.minasa.tech was unaccessible. The scraper does not work on local environments.
06-23-2019 @ 21:26:40 - Site http://quran9.minasa.tech was unaccessible. The scraper does not work on local environments.
06-23-2019 @ 21:32:33 - Site http://quran9.minasa.tech was unaccessible. The scraper does not work on local environments.
06-23-2019 @ 21:36:07 - Site http://quran9.minasa.tech was unaccessible. The scraper does not work on local environments.
06-23-2019 @ 21:59:50 - Site http://quran9.minasa.tech was unaccessible. The scraper does not work on local environments.
06-23-2019 @ 22:15:09 - Site http://quran9.minasa.tech was unaccessible. The scraper does not work on local environments.
06-23-2019 @ 22:20:28 - Site http://quran9.minasa.tech was unaccessible. The scraper does not work on local environments.
06-23-2019 @ 22:28:11 - Site http://quran9.minasa.tech was unaccessible. The scraper does not work on local environments.
06-23-2019 @ 22:28:20 - Site http://quran9.minasa.tech was unaccessible. The scraper does not work on local environments.
06-23-2019 @ 22:32:13 - Site http://quran9.minasa.tech was unaccessible. The scraper does not work on local environments.
06-23-2019 @ 23:00:06 - Site http://quran9.minasa.tech was unaccessible. The scraper does not work on local environments.
06-23-2019 @ 23:08:37 - Site http://quran9.minasa.tech was unaccessible. The scraper does not work on local environments.
06-23-2019 @ 23:15:48 - Site http://quran9.minasa.tech was unaccessible. The scraper does not work on local environments.
06-23-2019 @ 23:18:44 - Site http://quran9.minasa.tech was unaccessible. The scraper does not work on local environments.
06-24-2019 @ 00:40:01 - Site http://quran9.minasa.tech was unaccessible. The scraper does not work on local environments.
06-24-2019 @ 01:35:33 - Site http://quran9.minasa.tech was unaccessible. The scraper does not work on local environments.
06-24-2019 @ 01:41:53 - Site http://quran9.minasa.tech was unaccessible. The scraper does not work on local environments.
06-24-2019 @ 01:42:49 - Site http://quran9.minasa.tech was unaccessible. The scraper does not work on local environments.
06-24-2019 @ 02:02:46 - Site http://quran9.minasa.tech was unaccessible. The scraper does not work on local environments.
06-24-2019 @ 05:31:31 - Site http://quran9.minasa.tech was unaccessible. The scraper does not work on local environments.
06-24-2019 @ 06:05:11 - Site http://quran9.minasa.tech was unaccessible. The scraper does not work on local environments.
06-24-2019 @ 06:34:20 - Site http://quran9.minasa.tech was unaccessible. The scraper does not work on local environments.
06-24-2019 @ 07:31:55 - Site http://quran9.minasa.tech was unaccessible. The scraper does not work on local environments.
06-24-2019 @ 08:32:07 - Site http://quran9.minasa.tech was unaccessible. The scraper does not work on local environments.
06-24-2019 @ 08:54:18 - Site http://quran9.minasa.tech was unaccessible. The scraper does not work on local environments.
06-24-2019 @ 09:29:51 - Site http://quran9.minasa.tech was unaccessible. The scraper does not work on local environments.
06-24-2019 @ 09:43:10 - Site http://quran9.minasa.tech was unaccessible. The scraper does not work on local environments.
06-24-2019 @ 10:10:52 - Screenshot for site http://quran9.minasa.tech retrieved successfully.
06-24-2019 @ 10:10:53 - Screenshot for site http://quran9.minasa.tech retrieved successfully.
06-24-2019 @ 10:10:54 - Screenshot for site http://quran9.minasa.tech retrieved successfully.
06-24-2019 @ 10:10:54 - Screenshot for site http://quran9.minasa.tech retrieved successfully.
06-24-2019 @ 11:07:55 - Screenshot for site http://quran9.minasa.tech already existed. Skipping...
06-24-2019 @ 11:07:55 - Screenshot for site http://quran9.minasa.tech already existed. Skipping...
06-24-2019 @ 11:07:55 - Screenshot for site http://quran9.minasa.tech already existed. Skipping...
06-24-2019 @ 11:08:05 - Screenshot for site http://quran9.minasa.tech retrieved successfully.
06-24-2019 @ 11:09:22 - Screenshot for site http://quran9.minasa.tech already existed. Skipping...
06-24-2019 @ 11:22:00 - Screenshot for site http://quran9.minasa.tech retrieved successfully.
06-24-2019 @ 11:37:11 - Screenshot for site http://quran9.minasa.tech already existed. Skipping...
06-24-2019 @ 12:09:22 - Screenshot for site http://quran9.minasa.tech already existed. Skipping...
06-24-2019 @ 13:01:10 - Site http://quran9.minasa.tech was unaccessible. The scraper does not work on local environments.
06-24-2019 @ 13:10:12 - Screenshot for site http://quran9.minasa.tech already existed. Skipping...
06-24-2019 @ 13:36:17 - Screenshot for site http://quran9.minasa.tech already existed. Skipping...
06-24-2019 @ 13:37:20 - Screenshot for site http://quran9.minasa.tech already existed. Skipping...
06-24-2019 @ 14:10:38 - Screenshot for site http://quran9.minasa.tech already existed. Skipping...
06-24-2019 @ 14:16:52 - Screenshot for site http://quran9.minasa.tech already existed. Skipping...
06-24-2019 @ 14:32:07 - Screenshot for site http://quran9.minasa.tech already existed. Skipping...
06-24-2019 @ 15:09:34 - Screenshot for site http://quran9.minasa.tech already existed. Skipping...
06-24-2019 @ 16:09:16 - Screenshot for site http://quran9.minasa.tech already existed. Skipping...
06-24-2019 @ 16:32:01 - Screenshot for site http://quran9.minasa.tech already existed. Skipping...
06-24-2019 @ 17:15:39 - Screenshot for site http://quran9.minasa.tech already existed. Skipping...
06-24-2019 @ 18:10:12 - Screenshot for site http://quran9.minasa.tech already existed. Skipping...
06-24-2019 @ 19:25:33 - Screenshot for site http://quran9.minasa.tech already existed. Skipping...
06-24-2019 @ 19:34:16 - Site http://quran9.minasa.tech was unaccessible. The scraper does not work on local environments.
06-24-2019 @ 19:39:50 - Screenshot for site http://quran9.minasa.tech already existed. Skipping...
06-24-2019 @ 19:56:41 - Screenshot for site http://quran9.minasa.tech already existed. Skipping...
06-24-2019 @ 20:02:56 - Screenshot for site http://quran9.minasa.tech already existed. Skipping...
06-24-2019 @ 21:37:28 - Screenshot for site http://quran9.minasa.tech already existed. Skipping...
06-24-2019 @ 21:43:43 - Screenshot for site http://quran9.minasa.tech already existed. Skipping...
06-24-2019 @ 22:54:40 - Screenshot for site http://quran9.minasa.tech already existed. Skipping...
06-24-2019 @ 22:55:44 - Screenshot for site http://quran9.minasa.tech already existed. Skipping...
06-24-2019 @ 23:58:08 - Screenshot for site http://quran9.minasa.tech already existed. Skipping...
06-24-2019 @ 23:59:28 - Screenshot for site http://quran9.minasa.tech already existed. Skipping...
06-25-2019 @ 00:41:55 - Screenshot for site http://quran9.minasa.tech already existed. Skipping...
06-25-2019 @ 00:58:34 - Screenshot for site http://quran9.minasa.tech already existed. Skipping...
06-25-2019 @ 03:21:38 - Screenshot for site http://quran9.minasa.tech already existed. Skipping...
06-25-2019 @ 06:15:30 - Site http://quran9.minasa.tech was unaccessible. The scraper does not work on local environments.
06-25-2019 @ 07:21:00 - Screenshot for site http://quran9.minasa.tech already existed. Skipping...
06-25-2019 @ 08:19:46 - Screenshot for site http://quran9.minasa.tech already existed. Skipping...
06-25-2019 @ 09:28:16 - Screenshot for site http://quran9.minasa.tech already existed. Skipping...
06-25-2019 @ 09:34:14 - Site http://quran9.minasa.tech was unaccessible. The scraper does not work on local environments.
06-25-2019 @ 10:34:42 - Screenshot for site http://quran9.minasa.tech already existed. Skipping...
06-25-2019 @ 11:09:21 - Screenshot for site http://quran9.minasa.tech already existed. Skipping...
06-25-2019 @ 11:34:49 - Screenshot for site http://quran9.minasa.tech already existed. Skipping...
06-25-2019 @ 12:14:25 - Screenshot for site http://quran9.minasa.tech already existed. Skipping...
06-25-2019 @ 12:58:43 - Screenshot for site http://quran9.minasa.tech already existed. Skipping...
06-25-2019 @ 13:16:17 - Screenshot for site http://quran9.minasa.tech already existed. Skipping...
06-25-2019 @ 13:16:38 - Site http://quran9.minasa.tech was unaccessible. The scraper does not work on local environments.
06-25-2019 @ 14:10:50 - Screenshot for site http://quran9.minasa.tech already existed. Skipping...
06-25-2019 @ 15:07:09 - Screenshot for site http://quran9.minasa.tech already existed. Skipping...
06-25-2019 @ 15:40:03 - Screenshot for site http://quran9.minasa.tech already existed. Skipping...
06-25-2019 @ 16:05:11 - Screenshot for site http://quran9.minasa.tech already existed. Skipping...
06-25-2019 @ 16:34:50 - Screenshot for site http://quran9.minasa.tech already existed. Skipping...
06-25-2019 @ 16:53:50 - Screenshot for site http://quran9.minasa.tech already existed. Skipping...
06-25-2019 @ 17:17:03 - Screenshot for site http://quran9.minasa.tech already existed. Skipping...
06-25-2019 @ 17:18:33 - Site http://quran9.minasa.tech was unaccessible. The scraper does not work on local environments.
06-25-2019 @ 18:42:45 - Screenshot for site http://quran9.minasa.tech already existed. Skipping...
06-25-2019 @ 19:06:18 - Screenshot for site http://quran9.minasa.tech already existed. Skipping...
06-25-2019 @ 21:12:21 - Screenshot for site http://quran9.minasa.tech already existed. Skipping...
06-26-2019 @ 00:33:30 - Screenshot for site http://quran9.minasa.tech already existed. Skipping...
06-26-2019 @ 01:01:38 - Screenshot for site http://quran9.minasa.tech already existed. Skipping...
06-26-2019 @ 07:56:56 - Screenshot for site http://quran9.minasa.tech already existed. Skipping...
06-26-2019 @ 10:02:45 - Screenshot for site http://quran9.minasa.tech already existed. Skipping...
06-26-2019 @ 10:40:42 - Screenshot for site http://quran9.minasa.tech already existed. Skipping...
06-26-2019 @ 11:04:03 - Screenshot for site http://quran9.minasa.tech already existed. Skipping...
06-26-2019 @ 11:59:40 - Screenshot for site http://quran9.minasa.tech already existed. Skipping...
06-26-2019 @ 12:02:37 - Screenshot for site http://quran9.minasa.tech already existed. Skipping...
06-26-2019 @ 13:37:55 - Screenshot for site http://quran9.minasa.tech already existed. Skipping...
06-26-2019 @ 14:05:22 - Screenshot for site http://quran9.minasa.tech already existed. Skipping...
06-26-2019 @ 16:46:11 - Screenshot for site http://quran9.minasa.tech already existed. Skipping...
06-26-2019 @ 17:37:13 - Screenshot for site http://quran9.minasa.tech already existed. Skipping...
06-26-2019 @ 18:02:03 - Screenshot for site http://quran9.minasa.tech already existed. Skipping...
06-26-2019 @ 18:33:02 - Screenshot for site http://quran9.minasa.tech already existed. Skipping...
06-26-2019 @ 19:38:48 - Screenshot for site http://quran9.minasa.tech already existed. Skipping...
06-26-2019 @ 20:24:22 - Screenshot for site http://quran9.minasa.tech already existed. Skipping...
06-26-2019 @ 20:33:53 - Screenshot for site http://quran9.minasa.tech already existed. Skipping...
06-26-2019 @ 21:38:51 - Screenshot for site http://quran9.minasa.tech already existed. Skipping...
06-26-2019 @ 21:41:18 - Screenshot for site http://quran9.minasa.tech already existed. Skipping...
06-26-2019 @ 21:41:29 - Screenshot for site http://quran9.minasa.tech already existed. Skipping...
06-26-2019 @ 22:46:20 - Screenshot for site http://quran9.minasa.tech already existed. Skipping...
06-26-2019 @ 23:01:41 - Screenshot for site http://quran9.minasa.tech already existed. Skipping...
06-27-2019 @ 01:50:09 - Screenshot for site http://quran9.minasa.tech already existed. Skipping...
06-27-2019 @ 03:02:01 - Screenshot for site http://quran9.minasa.tech already existed. Skipping...
06-27-2019 @ 03:55:30 - Screenshot for site http://quran9.minasa.tech already existed. Skipping...
06-27-2019 @ 04:08:41 - Screenshot for site http://quran9.minasa.tech already existed. Skipping...
06-27-2019 @ 05:12:53 - Screenshot for site http://quran9.minasa.tech already existed. Skipping...
06-27-2019 @ 05:21:46 - Screenshot for site http://quran9.minasa.tech already existed. Skipping...
06-27-2019 @ 06:01:46 - Screenshot for site http://quran9.minasa.tech already existed. Skipping...
06-27-2019 @ 07:27:52 - Screenshot for site http://quran9.minasa.tech already existed. Skipping...
06-27-2019 @ 08:09:13 - Screenshot for site http://quran9.minasa.tech already existed. Skipping...
06-27-2019 @ 10:19:37 - Screenshot for site http://quran9.minasa.tech already existed. Skipping...
06-27-2019 @ 11:19:05 - Screenshot for site http://quran9.minasa.tech already existed. Skipping...
06-27-2019 @ 12:37:21 - Screenshot for site http://quran9.minasa.tech already existed. Skipping...
06-27-2019 @ 13:29:46 - Screenshot for site http://quran9.minasa.tech already existed. Skipping...
06-27-2019 @ 14:05:05 - Screenshot for site http://quran9.minasa.tech already existed. Skipping...
06-27-2019 @ 17:40:54 - Screenshot for site http://quran9.minasa.tech already existed. Skipping...
06-27-2019 @ 18:24:22 - Screenshot for site http://quran9.minasa.tech already existed. Skipping...
06-27-2019 @ 18:32:10 - Screenshot for site http://quran9.minasa.tech already existed. Skipping...
06-27-2019 @ 18:35:34 - Screenshot for site http://quran9.minasa.tech already existed. Skipping...
06-27-2019 @ 18:40:30 - Screenshot for site http://quran9.minasa.tech already existed. Skipping...
06-27-2019 @ 20:12:19 - Screenshot for site http://quran9.minasa.tech already existed. Skipping...
06-27-2019 @ 20:30:50 - Screenshot for site http://quran9.minasa.tech already existed. Skipping...
06-27-2019 @ 20:34:26 - Screenshot for site http://quran9.minasa.tech already existed. Skipping...
06-27-2019 @ 21:32:43 - Screenshot for site http://quran9.minasa.tech already existed. Skipping...
06-27-2019 @ 21:38:51 - Site http://quran9.minasa.tech was unaccessible. The scraper does not work on local environments.
06-27-2019 @ 21:58:18 - Site http://quran9.minasa.tech was unaccessible. The scraper does not work on local environments.
06-27-2019 @ 21:59:53 - Site http://quran9.minasa.tech was unaccessible. The scraper does not work on local environments.
06-27-2019 @ 22:14:38 - Screenshot for site http://quran9.minasa.tech already existed. Skipping...
06-27-2019 @ 22:14:43 - Site http://quran9.minasa.tech was unaccessible. The scraper does not work on local environments.
06-27-2019 @ 22:24:07 - Screenshot for site http://quran9.minasa.tech already existed. Skipping...
06-27-2019 @ 22:32:21 - Screenshot for site http://quran9.minasa.tech already existed. Skipping...
06-27-2019 @ 22:33:07 - Screenshot for site http://quran9.minasa.tech already existed. Skipping...
06-28-2019 @ 00:52:20 - Screenshot for site http://quran9.minasa.tech already existed. Skipping...
06-28-2019 @ 01:21:25 - Screenshot for site http://quran9.minasa.tech already existed. Skipping...
06-28-2019 @ 01:31:09 - Screenshot for site http://quran9.minasa.tech already existed. Skipping...
06-28-2019 @ 01:35:49 - Screenshot for site http://quran9.minasa.tech already existed. Skipping...
06-28-2019 @ 01:40:27 - Site http://quran9.minasa.tech was unaccessible. The scraper does not work on local environments.
06-28-2019 @ 02:48:25 - Screenshot for site http://quran9.minasa.tech already existed. Skipping...
06-28-2019 @ 02:48:30 - Screenshot for site http://quran9.minasa.tech already existed. Skipping...
06-28-2019 @ 03:33:51 - Screenshot for site http://quran9.minasa.tech already existed. Skipping...
06-28-2019 @ 04:49:03 - Screenshot for site http://quran9.minasa.tech already existed. Skipping...
06-28-2019 @ 05:40:35 - Screenshot for site http://quran9.minasa.tech already existed. Skipping...
06-28-2019 @ 07:03:14 - Screenshot for site http://quran9.minasa.tech already existed. Skipping...
06-28-2019 @ 07:43:02 - Screenshot for site http://quran9.minasa.tech already existed. Skipping...
06-28-2019 @ 09:14:33 - Screenshot for site http://quran9.minasa.tech already existed. Skipping...
06-28-2019 @ 10:04:57 - Screenshot for site http://quran9.minasa.tech already existed. Skipping...
06-28-2019 @ 10:32:41 - Screenshot for site http://quran9.minasa.tech already existed. Skipping...
06-28-2019 @ 11:32:35 - Screenshot for site http://quran9.minasa.tech already existed. Skipping...
06-28-2019 @ 12:23:44 - Screenshot for site http://quran9.minasa.tech already existed. Skipping...
06-28-2019 @ 12:46:15 - Screenshot for site http://quran9.minasa.tech already existed. Skipping...
06-28-2019 @ 13:32:17 - Screenshot for site http://quran9.minasa.tech already existed. Skipping...
06-28-2019 @ 15:06:57 - Screenshot for site http://quran9.minasa.tech already existed. Skipping...
06-28-2019 @ 15:55:49 - Screenshot for site http://quran9.minasa.tech already existed. Skipping...
06-28-2019 @ 18:49:19 - Screenshot for site http://quran9.minasa.tech already existed. Skipping...
06-28-2019 @ 21:40:01 - Screenshot for site http://quran9.minasa.tech already existed. Skipping...
06-28-2019 @ 22:33:52 - Screenshot for site http://quran9.minasa.tech already existed. Skipping...
06-28-2019 @ 23:37:36 - Screenshot for site http://quran9.minasa.tech already existed. Skipping...
06-28-2019 @ 23:47:49 - Screenshot for site http://quran9.minasa.tech already existed. Skipping...
06-29-2019 @ 01:09:34 - Screenshot for site http://quran9.minasa.tech already existed. Skipping...
06-29-2019 @ 01:26:59 - Screenshot for site http://quran9.minasa.tech already existed. Skipping...
06-29-2019 @ 02:56:12 - Screenshot for site http://quran9.minasa.tech already existed. Skipping...
06-29-2019 @ 03:03:02 - Screenshot for site http://quran9.minasa.tech already existed. Skipping...
06-29-2019 @ 04:08:52 - Screenshot for site http://quran9.minasa.tech already existed. Skipping...
06-29-2019 @ 06:21:13 - Screenshot for site http://quran9.minasa.tech already existed. Skipping...
06-29-2019 @ 08:06:45 - Screenshot for site http://quran9.minasa.tech already existed. Skipping...
06-29-2019 @ 08:08:00 - Screenshot for site http://quran9.minasa.tech already existed. Skipping...
06-29-2019 @ 08:13:57 - Screenshot for site http://quran9.minasa.tech already existed. Skipping...
06-29-2019 @ 08:20:26 - Screenshot for site http://template.minasa.tech already existed. Skipping...
06-29-2019 @ 08:21:03 - Site http://quran9.minasa.tech was unaccessible. The scraper does not work on local environments.
06-29-2019 @ 08:31:29 - Screenshot for site http://quran9.minasa.tech already existed. Skipping...
06-29-2019 @ 08:41:44 - Screenshot for site http://quran9.minasa.tech already existed. Skipping...
06-29-2019 @ 09:00:02 - Site http://quran9.minasa.tech was unaccessible. The scraper does not work on local environments.
06-29-2019 @ 11:18:13 - Screenshot for site http://quran9.minasa.tech retrieved successfully.
06-29-2019 @ 11:18:13 - Screenshot for site http://quran9.minasa.tech retrieved successfully.
06-29-2019 @ 11:18:13 - Screenshot for site http://quran9.minasa.tech retrieved successfully.
06-29-2019 @ 11:18:14 - Screenshot for site http://quran9.minasa.tech retrieved successfully.
06-29-2019 @ 11:41:11 - Screenshot for site http://quran9.minasa.tech already existed. Skipping...
06-29-2019 @ 11:41:16 - Screenshot for site http://quran9.minasa.tech retrieved successfully.
06-29-2019 @ 12:39:15 - Screenshot for site http://quran9.minasa.tech already existed. Skipping...
06-29-2019 @ 12:44:01 - Site http://quran9.minasa.tech was unaccessible. The scraper does not work on local environments.
06-29-2019 @ 14:28:47 - Screenshot for site http://quran9.minasa.tech already existed. Skipping...
06-29-2019 @ 16:21:47 - Site http://quran9.minasa.tech was unaccessible. The scraper does not work on local environments.
06-29-2019 @ 16:29:40 - Screenshot for site http://quran9.minasa.tech already existed. Skipping...
06-29-2019 @ 17:27:35 - Site http://quran9.minasa.tech was unaccessible. The scraper does not work on local environments.
06-29-2019 @ 17:40:42 - Screenshot for site http://quran9.minasa.tech already existed. Skipping...
06-29-2019 @ 17:41:53 - Screenshot for site http://quran9.minasa.tech already existed. Skipping...
06-29-2019 @ 18:00:07 - Screenshot for site http://quran9.minasa.tech already existed. Skipping...
06-29-2019 @ 18:03:05 - Screenshot for site http://quran9.minasa.tech already existed. Skipping...
06-29-2019 @ 18:04:59 - Site http://quran9.minasa.tech was unaccessible. The scraper does not work on local environments.
06-29-2019 @ 18:14:03 - Screenshot for site http://quran9.minasa.tech already existed. Skipping...
06-29-2019 @ 18:31:17 - Screenshot for site http://quran9.minasa.tech already existed. Skipping...
06-29-2019 @ 18:31:34 - Screenshot for site http://quran9.minasa.tech already existed. Skipping...
06-29-2019 @ 18:40:05 - Screenshot for site http://quran9.minasa.tech already existed. Skipping...
06-29-2019 @ 18:41:16 - Screenshot for site http://quran9.minasa.tech already existed. Skipping...
06-29-2019 @ 18:42:30 - Screenshot for site http://quran9.minasa.tech already existed. Skipping...
06-29-2019 @ 18:59:53 - Screenshot for site http://quran9.minasa.tech already existed. Skipping...
06-29-2019 @ 19:01:42 - Screenshot for site http://quran9.minasa.tech already existed. Skipping...
06-29-2019 @ 19:03:42 - Screenshot for site http://quran9.minasa.tech already existed. Skipping...
06-29-2019 @ 19:11:14 - Screenshot for site http://quran9.minasa.tech already existed. Skipping...
06-29-2019 @ 19:20:40 - Site http://quran9.minasa.tech was unaccessible. The scraper does not work on local environments.
06-29-2019 @ 19:32:00 - Screenshot for site http://quran9.minasa.tech already existed. Skipping...
06-29-2019 @ 19:37:19 - Screenshot for site http://quran9.minasa.tech already existed. Skipping...
06-29-2019 @ 19:51:10 - Site http://quran9.minasa.tech was unaccessible. The scraper does not work on local environments.
06-29-2019 @ 20:31:25 - Screenshot for site http://quran9.minasa.tech already existed. Skipping...
06-29-2019 @ 21:27:14 - Site http://quran9.minasa.tech was unaccessible. The scraper does not work on local environments.
06-29-2019 @ 21:49:12 - Screenshot for site http://quran9.minasa.tech already existed. Skipping...
06-29-2019 @ 22:29:33 - Site http://quran9.minasa.tech was unaccessible. The scraper does not work on local environments.
06-29-2019 @ 22:57:08 - Screenshot for site http://quran9.minasa.tech already existed. Skipping...
06-29-2019 @ 23:10:03 - Site http://quran9.minasa.tech was unaccessible. The scraper does not work on local environments.
06-29-2019 @ 23:41:07 - Screenshot for site http://quran9.minasa.tech already existed. Skipping...
06-29-2019 @ 23:46:03 - Screenshot for site http://quran9.minasa.tech already existed. Skipping...
06-29-2019 @ 23:52:03 - Screenshot for site http://quran9.minasa.tech already existed. Skipping...
06-30-2019 @ 00:12:37 - Site http://quran9.minasa.tech was unaccessible. The scraper does not work on local environments.
06-30-2019 @ 00:42:41 - Screenshot for site http://quran9.minasa.tech already existed. Skipping...
06-30-2019 @ 01:04:38 - Site http://quran9.minasa.tech was unaccessible. The scraper does not work on local environments.
06-30-2019 @ 01:51:02 - Screenshot for site http://quran9.minasa.tech already existed. Skipping...
06-30-2019 @ 01:51:14 - Screenshot for site http://quran9.minasa.tech already existed. Skipping...
06-30-2019 @ 01:59:56 - Screenshot for site http://quran9.minasa.tech already existed. Skipping...
06-30-2019 @ 02:19:29 - Screenshot for site http://quran9.minasa.tech already existed. Skipping...
06-30-2019 @ 02:51:51 - Site http://quran9.minasa.tech was unaccessible. The scraper does not work on local environments.
06-30-2019 @ 03:08:55 - Site http://quran9.minasa.tech was unaccessible. The scraper does not work on local environments.
06-30-2019 @ 04:19:46 - Screenshot for site http://quran9.minasa.tech already existed. Skipping...
06-30-2019 @ 07:56:28 - Screenshot for site http://quran9.minasa.tech already existed. Skipping...
06-30-2019 @ 08:37:52 - Site http://quran9.minasa.tech was unaccessible. The scraper does not work on local environments.
06-30-2019 @ 08:37:53 - Screenshot for site http://quran9.minasa.tech already existed. Skipping...
06-30-2019 @ 09:03:11 - Site http://quran9.minasa.tech was unaccessible. The scraper does not work on local environments.
06-30-2019 @ 09:14:06 - Screenshot for site http://quran9.minasa.tech already existed. Skipping...
06-30-2019 @ 10:35:30 - Screenshot for site http://quran9.minasa.tech already existed. Skipping...
06-30-2019 @ 10:38:38 - Screenshot for site http://quran9.minasa.tech already existed. Skipping...
06-30-2019 @ 10:38:40 - Screenshot for site http://quran9.minasa.tech already existed. Skipping...
06-30-2019 @ 10:38:40 - Screenshot for site http://quran9.minasa.tech already existed. Skipping...
06-30-2019 @ 10:38:54 - Screenshot for site http://quran9.minasa.tech retrieved successfully.
06-30-2019 @ 11:30:43 - Screenshot for site http://quran9.minasa.tech already existed. Skipping...
06-30-2019 @ 11:30:58 - Screenshot for site http://quran9.minasa.tech already existed. Skipping...
06-30-2019 @ 11:31:28 - Screenshot for site http://quran9.minasa.tech already existed. Skipping...
06-30-2019 @ 11:32:55 - Screenshot for site http://quran9.minasa.tech already existed. Skipping...
06-30-2019 @ 12:00:12 - Screenshot for site http://quran9.minasa.tech already existed. Skipping...
06-30-2019 @ 12:00:12 - Screenshot for site http://quran9.minasa.tech already existed. Skipping...
06-30-2019 @ 12:32:30 - Screenshot for site http://quran9.minasa.tech already existed. Skipping...
06-30-2019 @ 12:32:43 - Screenshot for site http://quran9.minasa.tech already existed. Skipping...
06-30-2019 @ 12:38:59 - Screenshot for site http://quran9.minasa.tech already existed. Skipping...
06-30-2019 @ 13:03:52 - Screenshot for site http://quran9.minasa.tech already existed. Skipping...
06-30-2019 @ 13:03:53 - Screenshot for site http://quran9.minasa.tech already existed. Skipping...
06-30-2019 @ 13:23:18 - Screenshot for site http://quran9.minasa.tech already existed. Skipping...
06-30-2019 @ 13:31:57 - Screenshot for site http://quran9.minasa.tech already existed. Skipping...
06-30-2019 @ 15:36:52 - Screenshot for site http://quran9.minasa.tech already existed. Skipping...
06-30-2019 @ 17:27:56 - Screenshot for site http://quran9.minasa.tech already existed. Skipping...
06-30-2019 @ 17:41:57 - Screenshot for site http://quran9.minasa.tech already existed. Skipping...
06-30-2019 @ 17:41:58 - Screenshot for site http://quran9.minasa.tech already existed. Skipping...
06-30-2019 @ 17:42:42 - Screenshot for site http://quran9.minasa.tech already existed. Skipping...
06-30-2019 @ 18:08:05 - Screenshot for site http://quran9.minasa.tech already existed. Skipping...
06-30-2019 @ 18:39:15 - Screenshot for site http://quran9.minasa.tech already existed. Skipping...
06-30-2019 @ 19:36:03 - Screenshot for site http://quran9.minasa.tech already existed. Skipping...
06-30-2019 @ 19:52:10 - Screenshot for site http://quran9.minasa.tech already existed. Skipping...
06-30-2019 @ 21:04:59 - Screenshot for site http://quran9.minasa.tech already existed. Skipping...
06-30-2019 @ 21:07:09 - Screenshot for site http://quran9.minasa.tech already existed. Skipping...
06-30-2019 @ 21:39:26 - Screenshot for site http://quran9.minasa.tech already existed. Skipping...
07-01-2019 @ 01:08:22 - Screenshot for site http://quran9.minasa.tech already existed. Skipping...
07-01-2019 @ 01:10:20 - Screenshot for site http://quran9.minasa.tech already existed. Skipping...
07-01-2019 @ 01:12:47 - Screenshot for site http://quran9.minasa.tech already existed. Skipping...
07-01-2019 @ 01:36:40 - Screenshot for site http://quran9.minasa.tech already existed. Skipping...
07-01-2019 @ 03:07:43 - Screenshot for site http://quran9.minasa.tech already existed. Skipping...
07-01-2019 @ 04:03:52 - Screenshot for site http://quran9.minasa.tech already existed. Skipping...
07-01-2019 @ 04:13:43 - Screenshot for site http://quran9.minasa.tech already existed. Skipping...
07-01-2019 @ 04:14:41 - Screenshot for site http://quran9.minasa.tech already existed. Skipping...
07-01-2019 @ 04:47:16 - Screenshot for site http://quran9.minasa.tech already existed. Skipping...
07-01-2019 @ 05:20:23 - Screenshot for site http://quran9.minasa.tech already existed. Skipping...
07-01-2019 @ 05:31:57 - Screenshot for site http://quran9.minasa.tech already existed. Skipping...
07-01-2019 @ 05:59:52 - Screenshot for site http://quran9.minasa.tech already existed. Skipping...
07-01-2019 @ 06:09:20 - Screenshot for site http://quran9.minasa.tech already existed. Skipping...
07-01-2019 @ 06:09:35 - Screenshot for site http://quran9.minasa.tech already existed. Skipping...
07-01-2019 @ 06:53:44 - Screenshot for site http://quran9.minasa.tech already existed. Skipping...
07-01-2019 @ 07:09:50 - Screenshot for site http://quran9.minasa.tech already existed. Skipping...
07-01-2019 @ 08:01:08 - Screenshot for site http://quran9.minasa.tech already existed. Skipping...
07-01-2019 @ 08:02:13 - Screenshot for site http://quran9.minasa.tech already existed. Skipping...
07-01-2019 @ 08:02:45 - Screenshot for site http://quran9.minasa.tech already existed. Skipping...
07-01-2019 @ 09:01:27 - Screenshot for site http://quran9.minasa.tech already existed. Skipping...
07-01-2019 @ 09:03:35 - Screenshot for site http://quran9.minasa.tech already existed. Skipping...
07-01-2019 @ 09:05:47 - Screenshot for site http://quran9.minasa.tech already existed. Skipping...
07-01-2019 @ 09:06:34 - Screenshot for site http://quran9.minasa.tech already existed. Skipping...
07-01-2019 @ 09:09:22 - Screenshot for site http://quran9.minasa.tech already existed. Skipping...
07-01-2019 @ 10:32:14 - Screenshot for site http://quran9.minasa.tech already existed. Skipping...
07-01-2019 @ 10:32:15 - Screenshot for site http://quran9.minasa.tech already existed. Skipping...
07-01-2019 @ 10:32:15 - Screenshot for site http://quran9.minasa.tech already existed. Skipping...
07-01-2019 @ 10:34:53 - Screenshot for site http://quran9.minasa.tech already existed. Skipping...
07-01-2019 @ 11:34:24 - Screenshot for site http://quran9.minasa.tech already existed. Skipping...
07-01-2019 @ 11:58:53 - Screenshot for site http://quran9.minasa.tech already existed. Skipping...
07-01-2019 @ 12:09:25 - Screenshot for site http://quran9.minasa.tech already existed. Skipping...
07-01-2019 @ 12:35:34 - Screenshot for site http://quran9.minasa.tech already existed. Skipping...
07-01-2019 @ 14:01:58 - Screenshot for site http://quran9.minasa.tech already existed. Skipping...
07-01-2019 @ 14:31:19 - Screenshot for site http://quran9.minasa.tech already existed. Skipping...
07-01-2019 @ 14:39:23 - Screenshot for site http://quran9.minasa.tech already existed. Skipping...
07-01-2019 @ 15:05:36 - Screenshot for site http://quran9.minasa.tech already existed. Skipping...
07-01-2019 @ 15:06:18 - Screenshot for site http://quran9.minasa.tech already existed. Skipping...
07-01-2019 @ 15:39:16 - Screenshot for site http://quran9.minasa.tech already existed. Skipping...
07-01-2019 @ 15:55:54 - Screenshot for site http://quran9.minasa.tech already existed. Skipping...
07-01-2019 @ 16:09:16 - Screenshot for site http://quran9.minasa.tech already existed. Skipping...
07-01-2019 @ 16:31:15 - Screenshot for site http://quran9.minasa.tech already existed. Skipping...
07-01-2019 @ 17:09:16 - Screenshot for site http://quran9.minasa.tech already existed. Skipping...
07-01-2019 @ 17:56:49 - Screenshot for site http://quran9.minasa.tech already existed. Skipping...
07-01-2019 @ 18:09:27 - Screenshot for site http://quran9.minasa.tech already existed. Skipping...
07-01-2019 @ 18:49:34 - Screenshot for site http://quran9.minasa.tech already existed. Skipping...
07-01-2019 @ 18:58:13 - Screenshot for site http://quran9.minasa.tech already existed. Skipping...
07-01-2019 @ 19:10:33 - Screenshot for site http://quran9.minasa.tech already existed. Skipping...
07-01-2019 @ 19:47:42 - Screenshot for site http://quran9.minasa.tech already existed. Skipping...
07-01-2019 @ 20:40:33 - Screenshot for site http://quran9.minasa.tech already existed. Skipping...
07-01-2019 @ 20:41:09 - Screenshot for site http://quran9.minasa.tech already existed. Skipping...
07-01-2019 @ 21:39:38 - Screenshot for site http://quran9.minasa.tech already existed. Skipping...
07-01-2019 @ 21:43:57 - Screenshot for site http://quran9.minasa.tech already existed. Skipping...
07-01-2019 @ 21:46:06 - Screenshot for site http://quran9.minasa.tech already existed. Skipping...
07-01-2019 @ 22:15:00 - Screenshot for site http://quran9.minasa.tech already existed. Skipping...
07-01-2019 @ 22:29:19 - Screenshot for site http://quran9.minasa.tech already existed. Skipping...
07-01-2019 @ 22:31:23 - Screenshot for site http://quran9.minasa.tech already existed. Skipping...
07-01-2019 @ 22:36:04 - Site http://quran9.minasa.tech was unaccessible. The scraper does not work on local environments.
07-01-2019 @ 23:09:42 - Screenshot for site http://quran9.minasa.tech already existed. Skipping...
07-01-2019 @ 23:18:00 - Screenshot for site http://quran9.minasa.tech already existed. Skipping...
07-01-2019 @ 23:21:29 - Screenshot for site http://quran9.minasa.tech already existed. Skipping...
07-01-2019 @ 23:25:44 - Screenshot for site http://quran9.minasa.tech already existed. Skipping...
07-01-2019 @ 23:25:51 - Screenshot for site http://quran9.minasa.tech already existed. Skipping...
07-01-2019 @ 23:31:06 - Screenshot for site http://quran9.minasa.tech already existed. Skipping...
07-02-2019 @ 00:00:02 - Screenshot for site http://quran9.minasa.tech already existed. Skipping...
07-02-2019 @ 00:01:39 - Screenshot for site http://quran9.minasa.tech already existed. Skipping...
07-02-2019 @ 00:38:25 - Screenshot for site http://quran9.minasa.tech already existed. Skipping...
07-15-2019 @ 02:13:33 - Site http://multi3.minasa.tech was unaccessible. The scraper does not work on local environments.
07-15-2019 @ 02:13:33 - Scraping took 0.15419602394104 seconds.
07-15-2019 @ 02:13:49 - Site http://multi3.minasa.tech was unaccessible. The scraper does not work on local environments.
07-15-2019 @ 02:13:49 - Scraping took 0.049170970916748 seconds.
