06-17-2019 @ 03:22:32 - A new site of title ناهض١ and id 3 was created, owned by user nahedh1 of id 2.
06-17-2019 @ 03:47:16 - A new site of title قالب مؤسسة مانحة and id 4 was created, owned by user  of id 3.
06-17-2019 @ 03:48:12 - A new site of title قالب جمعية تحفيظ قرآن and id 5 was created, owned by user  of id 3.
06-17-2019 @ 05:03:56 - A new site of title قالب مؤسسة مانحة and id 6 was created, owned by user  of id 1.
06-17-2019 @ 05:16:38 - A new site of title اختبار١ and id 7 was created, owned by user  of id 4.
06-17-2019 @ 05:28:50 - A new site of title قالب جمعية تحفيظ قرآن and id 8 was created, owned by user  of id 1.
06-17-2019 @ 05:31:26 - A new site of title qqqq and id 9 was created, owned by user  of id 1.
06-17-2019 @ 05:37:33 - A new site of title e1 and id 10 was created, owned by user  of id 5.
06-17-2019 @ 05:42:27 - A new site of title قالب جمعية تحفيظ قرآن and id 11 was created, owned by user  of id 1.
06-17-2019 @ 05:48:41 - A new site of title test2 and id 12 was created, owned by user  of id 1.
06-17-2019 @ 06:18:31 - A new site of title قالب جمعية تحفيظ القرآن and id 14 was created, owned by user  of id 1.
06-17-2019 @ 06:20:58 - A new site of title قالب مؤسسة مانحة and id 15 was created, owned by user  of id 1.
06-17-2019 @ 06:28:22 - A new site of title قالب جمعية تحفيظ القرآن الكريم and id 16 was created, owned by user  of id 1.
06-17-2019 @ 15:34:27 - A new site of title nahedh2 and id 17 was created, owned by user nahedh2 of id 6.
06-17-2019 @ 19:25:36 - A new site of title موقع ناهض الجديد and id 18 was created, owned by user nahedh5 of id 7.
06-18-2019 @ 17:49:02 - A new site of title موقع النهضة and id 19 was created, owned by user nahdah of id 8.
06-18-2019 @ 17:52:57 - A new site of title مؤسسة النهوض and id 20 was created, owned by user nohood of id 9.
06-18-2019 @ 18:07:22 - A new site of title شبكة الزعيم and id 21 was created, owned by user zzzz of id 10.
06-18-2019 @ 20:11:16 - A new site of title بريطانيا الآن and id 22 was created, owned by user uknow of id 11.
06-18-2019 @ 23:30:04 - A new site of title ياسر and id 23 was created, owned by user ysharbi of id 12.
06-19-2019 @ 00:41:35 - A new site of title مزيد and id 24 was created, owned by user mazeed of id 13.
06-19-2019 @ 14:52:15 - A new site of title saeed and id 25 was created, owned by user saeed of id 14.
06-19-2019 @ 15:24:57 - A new site of title محمودي and id 26 was created, owned by user mskit of id 15.
06-19-2019 @ 21:36:38 - A new site of title الجمعية الخيرية and id 27 was created, owned by user charity of id 16.
06-19-2019 @ 22:28:48 - A new site of title تجربة and id 28 was created, owned by user test1212 of id 17.
06-20-2019 @ 16:48:56 - A new site of title موقع بريدي and id 29 was created, owned by user mymail of id 18.
06-20-2019 @ 16:54:41 - A new site of title موقع بريدات and id 30 was created, owned by user barydat of id 19.
06-20-2019 @ 17:27:36 - A new site of title الموقع الكافي and id 31 was created, owned by user nahedhbox of id 20.
06-20-2019 @ 20:20:52 - A new site of title aman and id 32 was created, owned by user aman of id 21.
06-20-2019 @ 20:48:14 - A new site of title test anas and id 33 was created, owned by user  of id 22.
06-21-2019 @ 15:39:40 - A new site of title ahmad18189 and id 34 was created, owned by user ahmad18189 of id 23.
06-22-2019 @ 02:38:05 - A new site of title مدونة فلان١ and id 35 was created, owned by user folan1 of id 24.
06-22-2019 @ 17:04:12 - A new site of title قالب مجاني 1 and id 36 was created, owned by user  of id 1.
06-22-2019 @ 17:25:49 - A new site of title testnew and id 37 was created, owned by user  of id 1.
06-22-2019 @ 20:35:47 - A new site of title موقع الكشافة and id 38 was created, owned by user scouts of id 25.
06-23-2019 @ 11:36:27 - A new site of title إبراهيم الحدادي and id 39 was created, owned by user starc0o0m of id 26.
06-23-2019 @ 12:00:33 - A new site of title جمعية نبأ لتحفيظ القران الكريم and id 40 was created, owned by user nabaa of id 27.
06-23-2019 @ 23:10:27 - A new site of title جمعية ابن باز للتنمية الأسرية and id 41 was created, owned by user binbaz of id 28.
06-26-2019 @ 21:41:28 - A new site of title جمعية مساجد and id 42 was created, owned by user masajid of id 29.
06-27-2019 @ 22:35:20 - A new site of title مؤسسة عايض بن مضحية and id 43 was created, owned by user starcom of id 30.
06-29-2019 @ 18:13:56 - A new site of title نموذج جمعية تحفيظ and id 44 was created, owned by user  of id 26.
06-29-2019 @ 18:31:27 - A new site of title نموذج جمعية تحفيظ قران and id 45 was created, owned by user  of id 26.
06-29-2019 @ 18:54:26 - A new site of title نموذج إبداع and id 46 was created, owned by user  of id 1.
06-29-2019 @ 19:19:42 - A new site of title نموذج إبداع and id 47 was created, owned by user  of id 1.
06-30-2019 @ 02:18:34 - A new site of title اختبار قالب إبراهيم and id 48 was created, owned by user  of id 1.
06-30-2019 @ 11:48:29 - A new site of title الموقع الابراهيمي and id 49 was created, owned by user ibra1 of id 31.
06-30-2019 @ 12:37:25 - A new site of title دعوتي and id 50 was created, owned by user dawatty of id 32.
07-01-2019 @ 10:34:52 - A new site of title التحول التقني and id 51 was created, owned by user waleed of id 33.
07-01-2019 @ 22:40:20 - A new site of title تجريبي and id 52 was created, owned by user munirah of id 34.
07-04-2019 @ 00:00:10 - A new site of title قالب متعدد الاستخدام1 and id 2 was created, owned by user wthukair of id 33.
07-04-2019 @ 01:49:16 - A new site of title مسجد المنارتين and id 3 was created, owned by user nahedh1 of id 34.
07-04-2019 @ 20:41:55 - A new site of title عبدالرحمن المخلف and id 4 was created, owned by user abufaisal4421 of id 35.
07-04-2019 @ 20:44:18 - A new site of title قالب متعدد الاستخدام1 and id 5 was created, owned by user nahedh2 of id 36.
07-04-2019 @ 21:09:31 - A new site of title قالب متعدد الاستخدام 2 and id 6 was created, owned by user nahedh4 of id 37.
07-04-2019 @ 21:09:46 - A new site of title مكتب الدعوة and id 7 was created, owned by user starc0o0m of id 38.
07-04-2019 @ 21:24:48 - A new site of title ٌياسر الحربي and id 8 was created, owned by user ysharbi of id 39.
07-14-2019 @ 05:18:53 - A new site of title قالب متعدد الاستخدام 3 and id 9 was created, owned by user multi3 of id 40.
07-15-2019 @ 01:19:23 - A new site of title التحول التقني and id 10 was created, owned by user waleed of id 41.
07-15-2019 @ 02:29:05 - A new site of title teee and id 11 was created, owned by user  of id 42.
07-15-2019 @ 02:35:10 - A new site of title جمعية التوحد السعودية and id 12 was created, owned by user tawahod of id 43.
07-15-2019 @ 02:53:51 - A new site of title IBRTempelate and id 13 was created, owned by user  of id 38.
07-15-2019 @ 03:23:29 - A new site of title قالب بمحرر الصفحات and id 14 was created, owned by user  of id 1.
07-15-2019 @ 18:09:36 - A new site of title جمعية النسائية للتنمية الاسرية and id 15 was created, owned by user roaa of id 44.
07-16-2019 @ 10:21:32 - A new site of title قالب متعدد الاستخدام 4 and id 16 was created, owned by user multi4 of id 45.
07-16-2019 @ 21:10:33 - A new site of title جمعية البر الخيرية بالمخواة and id 17 was created, owned by user albr1418 of id 46.
07-17-2019 @ 22:43:12 - A new site of title قالب 5 and id 18 was created, owned by user multi5 of id 47.
07-18-2019 @ 02:18:55 - A new site of title aqiqber and id 19 was created, owned by user aqiqber of id 48.
07-19-2019 @ 02:28:34 - A new site of title نموذج إبداع and id 20 was created, owned by user  of id 1.
07-19-2019 @ 02:32:09 - A new site of title اختبار قالب إبراهيم and id 21 was created, owned by user  of id 1.
07-23-2019 @ 12:37:13 - A new site of title قالب دي في مع محرر مرئي and id 22 was created, owned by user  of id 1.
07-23-2019 @ 13:07:22 - A new site of title إبراهيم الحدادي and id 23 was created, owned by user starcom of id 49.
07-23-2019 @ 17:26:46 - A new site of title www.tbd.org.sa and id 24 was created, owned by user majdi of id 50.
07-24-2019 @ 14:41:18 - A new site of title test33 and id 25 was created, owned by user test33 of id 51.
07-25-2019 @ 11:03:58 - A new site of title yahia and id 26 was created, owned by user yahia of id 52.
